e:\hack\new_github\vs\windows\worm\wormdll\x64\debug\wormdll.pch
e:\hack\new_github\vs\windows\worm\wormdll\x64\debug\vc142.pdb
e:\hack\new_github\vs\windows\worm\wormdll\x64\debug\vc142.idb
e:\hack\new_github\vs\windows\worm\wormdll\x64\debug\stdafx.obj
e:\hack\new_github\vs\windows\worm\wormdll\x64\debug\wormdll.obj
e:\hack\new_github\vs\windows\worm\wormdll\x64\debug\worm.obj
e:\hack\new_github\vs\windows\worm\wormdll\x64\debug\net_config.obj
e:\hack\new_github\vs\windows\worm\wormdll\x64\debug\netcardinfo.obj
e:\hack\new_github\vs\windows\worm\wormdll\x64\debug\cglobalconfig.obj
e:\hack\new_github\vs\windows\worm\wormdll\x64\debug\ccasqueue.obj
e:\hack\new_github\vs\windows\worm\wormdll\x64\debug\dllmain.obj
e:\hack\new_github\vs\windows\worm\wormboot\x64\debug\wormdll.dll
e:\hack\new_github\vs\windows\worm\wormboot\x64\debug\wormdll.ilk
e:\hack\new_github\vs\windows\worm\wormboot\x64\debug\wormdll.pdb
e:\hack\new_github\vs\windows\worm\wormdll\x64\debug\wormdll.tlog\cl.command.1.tlog
e:\hack\new_github\vs\windows\worm\wormdll\x64\debug\wormdll.tlog\cl.read.1.tlog
e:\hack\new_github\vs\windows\worm\wormdll\x64\debug\wormdll.tlog\cl.write.1.tlog
e:\hack\new_github\vs\windows\worm\wormdll\x64\debug\wormdll.tlog\link.command.1.tlog
e:\hack\new_github\vs\windows\worm\wormdll\x64\debug\wormdll.tlog\link.read.1.tlog
e:\hack\new_github\vs\windows\worm\wormdll\x64\debug\wormdll.tlog\link.write.1.tlog
