e:\hack\new_github\vs\windows\worm\wormdll\x64\release\wormdll.pch
e:\hack\new_github\vs\windows\worm\wormdll\x64\release\vc142.pdb
e:\hack\new_github\vs\windows\worm\wormdll\x64\release\stdafx.obj
e:\hack\new_github\vs\windows\worm\wormdll\x64\release\wormdll.obj
e:\hack\new_github\vs\windows\worm\wormdll\x64\release\worm.obj
e:\hack\new_github\vs\windows\worm\wormdll\x64\release\net_config.obj
e:\hack\new_github\vs\windows\worm\wormdll\x64\release\netcardinfo.obj
e:\hack\new_github\vs\windows\worm\wormdll\x64\release\cglobalconfig.obj
e:\hack\new_github\vs\windows\worm\wormdll\x64\release\ccasqueue.obj
e:\hack\new_github\vs\windows\worm\wormdll\x64\release\dllmain.obj
e:\hack\new_github\vs\windows\worm\wormboot\x64\release\wormdll.dll
e:\hack\new_github\vs\windows\worm\wormboot\x64\release\wormdll.pdb
e:\hack\new_github\vs\windows\worm\wormboot\x64\release\wormdll.ipdb
e:\hack\new_github\vs\windows\worm\wormboot\x64\release\wormdll.iobj
e:\hack\new_github\vs\windows\worm\wormdll\x64\release\wormdll.tlog\cl.command.1.tlog
e:\hack\new_github\vs\windows\worm\wormdll\x64\release\wormdll.tlog\cl.read.1.tlog
e:\hack\new_github\vs\windows\worm\wormdll\x64\release\wormdll.tlog\cl.write.1.tlog
e:\hack\new_github\vs\windows\worm\wormdll\x64\release\wormdll.tlog\link.command.1.tlog
e:\hack\new_github\vs\windows\worm\wormdll\x64\release\wormdll.tlog\link.read.1.tlog
e:\hack\new_github\vs\windows\worm\wormdll\x64\release\wormdll.tlog\link.write.1.tlog
e:\hack\new_github\vs\windows\worm\wormdll\x64\release\wormdll.tlog\wormdll.write.1u.tlog
